<?xml version="1.0" encoding="UTF-8"?>
<!-- Generated by org.testng.reporters.JUnitXMLReporter -->
<testsuite ignored="8" hostname="DESKTOP-6AQVSRL" failures="0" tests="10" name="testng.xml" time="46.68" errors="0" timestamp="2024-12-24T22:35:14 IST">
  <testcase classname="com.testCases.LoginPageTest" name="@BeforeMethod start" time="10.429">
    <failure type="org.openqa.selenium.TimeoutException" message="Expected condition failed: waiting for visibility of [[ChromeDriver: chrome on windows (89880774063b94e478324a481693233d)] -&amp;gt; id: login2] (tried for 10 second(s) with 500 milliseconds interval)
Build info: version: &amp;apos;4.27.0&amp;apos;, revision: &amp;apos;d6e718d134&amp;apos;
System info: os.name: &amp;apos;Windows 10&amp;apos;, os.arch: &amp;apos;amd64&amp;apos;, os.version: &amp;apos;10.0&amp;apos;, java.version: &amp;apos;17.0.5&amp;apos;
Driver info: org.openqa.selenium.chrome.ChromeDriver
Capabilities {acceptInsecureCerts: false, browserName: chrome, browserVersion: 131.0.6778.205, chrome: {chromedriverVersion: 131.0.6778.204 (52183f9e99a..., userDataDir: C:\Users\LENOVO\AppData\Loc...}, fedcm:accounts: true, goog:chromeOptions: {debuggerAddress: localhost:55295}, networkConnectionEnabled: false, pageLoadStrategy: normal, platformName: windows, proxy: Proxy(), se:cdp: ws://localhost:55295/devtoo..., se:cdpVersion: 131.0.6778.205, setWindowRect: true, strictFileInteractability: false, timeouts: {implicit: 0, pageLoad: 300000, script: 30000}, unhandledPromptBehavior: dismiss and notify, webauthn:extension:credBlob: true, webauthn:extension:largeBlob: true, webauthn:extension:minPinLength: true, webauthn:extension:prf: true, webauthn:virtualAuthenticators: true}
Session ID: 89880774063b94e478324a481693233d">
      <![CDATA[org.openqa.selenium.TimeoutException: Expected condition failed: waiting for visibility of [[ChromeDriver: chrome on windows (89880774063b94e478324a481693233d)] -> id: login2] (tried for 10 second(s) with 500 milliseconds interval)
Build info: version: '4.27.0', revision: 'd6e718d134'
System info: os.name: 'Windows 10', os.arch: 'amd64', os.version: '10.0', java.version: '17.0.5'
Driver info: org.openqa.selenium.chrome.ChromeDriver
Capabilities {acceptInsecureCerts: false, browserName: chrome, browserVersion: 131.0.6778.205, chrome: {chromedriverVersion: 131.0.6778.204 (52183f9e99a..., userDataDir: C:\Users\LENOVO\AppData\Loc...}, fedcm:accounts: true, goog:chromeOptions: {debuggerAddress: localhost:55295}, networkConnectionEnabled: false, pageLoadStrategy: normal, platformName: windows, proxy: Proxy(), se:cdp: ws://localhost:55295/devtoo..., se:cdpVersion: 131.0.6778.205, setWindowRect: true, strictFileInteractability: false, timeouts: {implicit: 0, pageLoad: 300000, script: 30000}, unhandledPromptBehavior: dismiss and notify, webauthn:extension:credBlob: true, webauthn:extension:largeBlob: true, webauthn:extension:minPinLength: true, webauthn:extension:prf: true, webauthn:virtualAuthenticators: true}
Session ID: 89880774063b94e478324a481693233d
at org.openqa.selenium.support.ui.WebDriverWait.timeoutException(WebDriverWait.java:84)
at org.openqa.selenium.support.ui.FluentWait.until(FluentWait.java:228)
at com.util.TestUtil.explicitWait(TestUtil.java:25)
at com.util.TestUtil.JSClick(TestUtil.java:30)
at com.pages.HomePage.goToLoginPage(HomePage.java:92)
at com.testCases.LoginPageTest.start(LoginPageTest.java:21)
at java.base/java.util.ArrayList.forEach(ArrayList.java:1511)
... Removed 31 stack frames]]>
    </failure>
  </testcase> <!-- @BeforeMethod start -->
  <testcase classname="com.testCases.SignUpPageTest" name="registerUser" time="2.74"/>
  <testcase classname="com.testCases.LoginPageTest" name="loginTest" time="5.372"/>
  <testcase classname="com.testCases.LoginPageTest" name="logoDisplayTest" time="0.0">
    <skipped/>
  </testcase> <!-- logoDisplayTest -->
  <testcase classname="com.testCases.ProductInfoPageTest" name="selectLappy" time="5.338"/>
  <testcase classname="com.testCases.ProductInfoPageTest" name="selectMonitor" time="4.695"/>
  <testcase classname="com.testCases.ProductInfoPageTest" name="selectPhone" time="4.533"/>
  <testcase classname="com.testCases.CartPageTest" name="goToCart" time="6.214"/>
  <testcase classname="com.testCases.CartPageTest" name="valiadteTotalProductPrice" time="0.434"/>
  <testcase classname="com.testCases.PaymentInfoPageTest" name="verifyPurchaseWithoutInfo" time="0.874"/>
  <testcase classname="com.testCases.PaymentInfoPageTest" name="verifyPurchaseWithInfo" time="3.444"/>
  <testcase classname="com.base.Test_Class" name="@AfterSuite closeDown" time="0.0">
    <ignored/>
  </testcase> <!-- @AfterSuite closeDown -->
  <testcase classname="com.base.Test_Class" name="@BeforeSuite setUp" time="0.0">
    <ignored/>
  </testcase> <!-- @BeforeSuite setUp -->
  <testcase classname="com.base.Test_Class" name="@AfterSuite closeDown" time="0.0">
    <ignored/>
  </testcase> <!-- @AfterSuite closeDown -->
  <testcase classname="com.base.Test_Class" name="@BeforeSuite setUp" time="0.0">
    <ignored/>
  </testcase> <!-- @BeforeSuite setUp -->
  <testcase classname="com.base.Test_Class" name="@AfterSuite closeDown" time="0.0">
    <ignored/>
  </testcase> <!-- @AfterSuite closeDown -->
  <testcase classname="com.base.Test_Class" name="@BeforeSuite setUp" time="0.0">
    <ignored/>
  </testcase> <!-- @BeforeSuite setUp -->
  <testcase classname="com.base.Test_Class" name="@BeforeSuite setUp" time="0.0">
    <ignored/>
  </testcase> <!-- @BeforeSuite setUp -->
  <testcase classname="com.base.Test_Class" name="@AfterSuite closeDown" time="0.0">
    <ignored/>
  </testcase> <!-- @AfterSuite closeDown -->
</testsuite> <!-- testng.xml -->
