<!DOCTYPE html PUBLIC "-//W3C//DTD XHTML 1.1//EN" "https://www.w3.org/TR/xhtml11/DTD/xhtml11.dtd">
<html xmlns="https://www.w3.org/1999/xhtml">
<head>
<meta http-equiv="content-type" content="text/html; charset=UTF-8"/>
<title>TestNG Report</title>
<style type="text/css">table {margin-bottom:10px;border-collapse:collapse;empty-cells:show}th,td {border:1px solid #009;padding:.25em .5em}th {vertical-align:bottom}td {vertical-align:top}table a {font-weight:bold}.stripe td {background-color: #E6EBF9}.num {text-align:right}.passedodd td {background-color: #3F3}.passedeven td {background-color: #0A0}.skippedodd td {background-color: #DDD}.skippedeven td {background-color: #CCC}.failedodd td,.attn {background-color: #F33}.failedeven td,.stripe .attn {background-color: #D00}.stacktrace {white-space:pre;font-family:monospace}.totop {font-size:85%;text-align:center;border-bottom:2px solid #000}.invisible {display:none}</style>
</head>
<body>
<table>
<tr><th>Test</th><th># Passed</th><th># Skipped</th><th># Retried</th><th># Failed</th><th>Time (ms)</th><th>Included Groups</th><th>Excluded Groups</th></tr>
<tr><th colspan="8">Suite</th></tr>
<tr><td><a href="#t0">testng.xml</a></td><td class="num">9</td><td class="num attn">1</td><td class="num">0</td><td class="num">0</td><td class="num">46,680</td><td></td><td></td></tr>
</table>
<table id='summary'><thead><tr><th>Class</th><th>Method</th><th>Start</th><th>Time (ms)</th></tr></thead><tbody><tr><th colspan="4">Suite</th></tr></tbody><tbody id="t0"><tr><th colspan="4">testng.xml &#8212; failed (configuration methods)</th></tr><tr class="failedeven"><td rowspan="1">com.testCases.LoginPageTest</td><td><a href="#m0">start</a></td><td rowspan="1">1735059875699</td><td rowspan="1">10429</td></tr><tr><th colspan="4">testng.xml &#8212; skipped</th></tr><tr class="skippedeven"><td rowspan="1">com.testCases.LoginPageTest</td><td><a href="#m1">logoDisplayTest</a></td><td rowspan="1">1735059886153</td><td rowspan="1">0</td></tr><tr><th colspan="4">testng.xml &#8212; passed</th></tr><tr class="passedeven"><td rowspan="2">com.testCases.CartPageTest</td><td><a href="#m2">goToCart</a></td><td rowspan="1">1735059902719</td><td rowspan="1">6214</td></tr><tr class="passedeven"><td><a href="#m3">valiadteTotalProductPrice</a></td><td rowspan="1">1735059908939</td><td rowspan="1">434</td></tr><tr class="passedodd"><td rowspan="1">com.testCases.LoginPageTest</td><td><a href="#m4">loginTest</a></td><td rowspan="1">1735059870327</td><td rowspan="1">5372</td></tr><tr class="passedeven"><td rowspan="2">com.testCases.PaymentInfoPageTest</td><td><a href="#m5">verifyPurchaseWithInfo</a></td><td rowspan="1">1735059910254</td><td rowspan="1">3444</td></tr><tr class="passedeven"><td><a href="#m6">verifyPurchaseWithoutInfo</a></td><td rowspan="1">1735059909373</td><td rowspan="1">874</td></tr><tr class="passedodd"><td rowspan="3">com.testCases.ProductInfoPageTest</td><td><a href="#m7">selectLappy</a></td><td rowspan="1">1735059886977</td><td rowspan="1">5338</td></tr><tr class="passedodd"><td><a href="#m8">selectMonitor</a></td><td rowspan="1">1735059892610</td><td rowspan="1">4695</td></tr><tr class="passedodd"><td><a href="#m9">selectPhone</a></td><td rowspan="1">1735059898165</td><td rowspan="1">4533</td></tr><tr class="passedeven"><td rowspan="1">com.testCases.SignUpPageTest</td><td><a href="#m10">registerUser</a></td><td rowspan="1">1735059867408</td><td rowspan="1">2740</td></tr></tbody>
</table>
<h2>testng.xml</h2><h3 id="m0">com.testCases.LoginPageTest#start</h3><table class="result"><tr><th>Exception</th></tr><tr><td><div class="stacktrace">org.openqa.selenium.TimeoutException: Expected condition failed: waiting for visibility of [[ChromeDriver: chrome on windows (89880774063b94e478324a481693233d)] -&gt; id: login2] (tried for 10 second(s) with 500 milliseconds interval)
Build info: version: &apos;4.27.0&apos;, revision: &apos;d6e718d134&apos;
System info: os.name: &apos;Windows 10&apos;, os.arch: &apos;amd64&apos;, os.version: &apos;10.0&apos;, java.version: &apos;17.0.5&apos;
Driver info: org.openqa.selenium.chrome.ChromeDriver
Capabilities {acceptInsecureCerts: false, browserName: chrome, browserVersion: 131.0.6778.205, chrome: {chromedriverVersion: 131.0.6778.204 (52183f9e99a..., userDataDir: C:\Users\LENOVO\AppData\Loc...}, fedcm:accounts: true, goog:chromeOptions: {debuggerAddress: localhost:55295}, networkConnectionEnabled: false, pageLoadStrategy: normal, platformName: windows, proxy: Proxy(), se:cdp: ws://localhost:55295/devtoo..., se:cdpVersion: 131.0.6778.205, setWindowRect: true, strictFileInteractability: false, timeouts: {implicit: 0, pageLoad: 300000, script: 30000}, unhandledPromptBehavior: dismiss and notify, webauthn:extension:credBlob: true, webauthn:extension:largeBlob: true, webauthn:extension:minPinLength: true, webauthn:extension:prf: true, webauthn:virtualAuthenticators: true}
Session ID: 89880774063b94e478324a481693233d
	at org.openqa.selenium.support.ui.WebDriverWait.timeoutException(WebDriverWait.java:84)
	at org.openqa.selenium.support.ui.FluentWait.until(FluentWait.java:228)
	at com.util.TestUtil.explicitWait(TestUtil.java:25)
	at com.util.TestUtil.JSClick(TestUtil.java:30)
	at com.pages.HomePage.goToLoginPage(HomePage.java:92)
	at com.testCases.LoginPageTest.start(LoginPageTest.java:21)
	at java.base/java.util.ArrayList.forEach(ArrayList.java:1511)
... Removed 31 stack frames</div></td></tr></table><p class="totop"><a href="#summary">back to summary</a></p>
<h3 id="m1">com.testCases.LoginPageTest#logoDisplayTest</h3><table class="result"><tr><th>Exception</th></tr><tr><td><div class="stacktrace">org.openqa.selenium.TimeoutException: Expected condition failed: waiting for visibility of [[ChromeDriver: chrome on windows (89880774063b94e478324a481693233d)] -&gt; id: login2] (tried for 10 second(s) with 500 milliseconds interval)
Build info: version: &apos;4.27.0&apos;, revision: &apos;d6e718d134&apos;
System info: os.name: &apos;Windows 10&apos;, os.arch: &apos;amd64&apos;, os.version: &apos;10.0&apos;, java.version: &apos;17.0.5&apos;
Driver info: org.openqa.selenium.chrome.ChromeDriver
Capabilities {acceptInsecureCerts: false, browserName: chrome, browserVersion: 131.0.6778.205, chrome: {chromedriverVersion: 131.0.6778.204 (52183f9e99a..., userDataDir: C:\Users\LENOVO\AppData\Loc...}, fedcm:accounts: true, goog:chromeOptions: {debuggerAddress: localhost:55295}, networkConnectionEnabled: false, pageLoadStrategy: normal, platformName: windows, proxy: Proxy(), se:cdp: ws://localhost:55295/devtoo..., se:cdpVersion: 131.0.6778.205, setWindowRect: true, strictFileInteractability: false, timeouts: {implicit: 0, pageLoad: 300000, script: 30000}, unhandledPromptBehavior: dismiss and notify, webauthn:extension:credBlob: true, webauthn:extension:largeBlob: true, webauthn:extension:minPinLength: true, webauthn:extension:prf: true, webauthn:virtualAuthenticators: true}
Session ID: 89880774063b94e478324a481693233d
	at org.openqa.selenium.support.ui.WebDriverWait.timeoutException(WebDriverWait.java:84)
	at org.openqa.selenium.support.ui.FluentWait.until(FluentWait.java:228)
	at com.util.TestUtil.explicitWait(TestUtil.java:25)
	at com.util.TestUtil.JSClick(TestUtil.java:30)
	at com.pages.HomePage.goToLoginPage(HomePage.java:92)
	at com.testCases.LoginPageTest.start(LoginPageTest.java:21)
	at java.base/java.util.ArrayList.forEach(ArrayList.java:1511)
... Removed 31 stack frames</div></td></tr></table><p class="totop"><a href="#summary">back to summary</a></p>
<h3 id="m2">com.testCases.CartPageTest#goToCart</h3><table class="result"><tr><th class="invisible"/></tr></table><p class="totop"><a href="#summary">back to summary</a></p>
<h3 id="m3">com.testCases.CartPageTest#valiadteTotalProductPrice</h3><table class="result"><tr><th class="invisible"/></tr></table><p class="totop"><a href="#summary">back to summary</a></p>
<h3 id="m4">com.testCases.LoginPageTest#loginTest</h3><table class="result"><tr><th class="invisible"/></tr></table><p class="totop"><a href="#summary">back to summary</a></p>
<h3 id="m5">com.testCases.PaymentInfoPageTest#verifyPurchaseWithInfo</h3><table class="result"><tr><th class="invisible"/></tr></table><p class="totop"><a href="#summary">back to summary</a></p>
<h3 id="m6">com.testCases.PaymentInfoPageTest#verifyPurchaseWithoutInfo</h3><table class="result"><tr><th class="invisible"/></tr></table><p class="totop"><a href="#summary">back to summary</a></p>
<h3 id="m7">com.testCases.ProductInfoPageTest#selectLappy</h3><table class="result"><tr><th class="invisible"/></tr></table><p class="totop"><a href="#summary">back to summary</a></p>
<h3 id="m8">com.testCases.ProductInfoPageTest#selectMonitor</h3><table class="result"><tr><th class="invisible"/></tr></table><p class="totop"><a href="#summary">back to summary</a></p>
<h3 id="m9">com.testCases.ProductInfoPageTest#selectPhone</h3><table class="result"><tr><th class="invisible"/></tr></table><p class="totop"><a href="#summary">back to summary</a></p>
<h3 id="m10">com.testCases.SignUpPageTest#registerUser</h3><table class="result"><tr><th class="invisible"/></tr></table><p class="totop"><a href="#summary">back to summary</a></p>
</body>
</html>
