<?xml version="1.0" encoding="UTF-8"?>
<testng-results ignored="0" total="10" passed="9" failed="0" skipped="1">
  <reporter-output>
  </reporter-output>
  <suite started-at="2024-12-24T22:34:27 IST" name="Suite" finished-at="2024-12-24T22:35:13 IST" duration-ms="46680">
    <groups>
      <group name="ProductInfoPageTest.addProduct">
        <method signature="ProductInfoPageTest.selectLappy()[pri:0, instance:com.testCases.ProductInfoPageTest@427b5f92]" name="selectLappy" class="com.testCases.ProductInfoPageTest"/>
        <method signature="ProductInfoPageTest.selectMonitor()[pri:0, instance:com.testCases.ProductInfoPageTest@427b5f92]" name="selectMonitor" class="com.testCases.ProductInfoPageTest"/>
        <method signature="ProductInfoPageTest.selectPhone()[pri:0, instance:com.testCases.ProductInfoPageTest@427b5f92]" name="selectPhone" class="com.testCases.ProductInfoPageTest"/>
      </group> <!-- ProductInfoPageTest.addProduct -->
    </groups>
    <test started-at="2024-12-24T22:34:27 IST" name="testng.xml" finished-at="2024-12-24T22:35:13 IST" duration-ms="46680">
      <class name="com.testCases.CartPageTest">
        <test-method is-config="true" signature="set()[pri:0, instance:com.testCases.CartPageTest@24bdb479]" started-at="2024-12-24T22:35:02 IST" name="set" finished-at="2024-12-24T22:35:02 IST" duration-ms="14" status="PASS">
          <reporter-output>
          </reporter-output>
        </test-method> <!-- set -->
        <test-method signature="goToCart()[pri:0, instance:com.testCases.CartPageTest@24bdb479]" started-at="2024-12-24T22:35:02 IST" name="goToCart" finished-at="2024-12-24T22:35:08 IST" duration-ms="6214" status="PASS">
          <reporter-output>
          </reporter-output>
        </test-method> <!-- goToCart -->
        <test-method is-config="true" signature="set()[pri:0, instance:com.testCases.CartPageTest@24bdb479]" started-at="2024-12-24T22:35:08 IST" name="set" finished-at="2024-12-24T22:35:08 IST" duration-ms="5" status="PASS">
          <reporter-output>
          </reporter-output>
        </test-method> <!-- set -->
        <test-method signature="valiadteTotalProductPrice()[pri:2, instance:com.testCases.CartPageTest@24bdb479]" started-at="2024-12-24T22:35:08 IST" name="valiadteTotalProductPrice" finished-at="2024-12-24T22:35:09 IST" duration-ms="434" status="PASS">
          <reporter-output>
          </reporter-output>
        </test-method> <!-- valiadteTotalProductPrice -->
      </class> <!-- com.testCases.CartPageTest -->
      <class name="com.testCases.SignUpPageTest">
        <test-method is-config="true" signature="setUp()[pri:0, instance:com.testCases.SignUpPageTest@5860f3d7]" started-at="2024-12-24T22:34:20 IST" name="setUp" finished-at="2024-12-24T22:34:27 IST" duration-ms="6411" status="PASS">
          <reporter-output>
          </reporter-output>
        </test-method> <!-- setUp -->
        <test-method is-config="true" signature="set()[pri:0, instance:com.testCases.SignUpPageTest@5860f3d7]" started-at="2024-12-24T22:34:27 IST" name="set" finished-at="2024-12-24T22:34:27 IST" duration-ms="311" status="PASS">
          <reporter-output>
          </reporter-output>
        </test-method> <!-- set -->
        <test-method signature="registerUser()[pri:0, instance:com.testCases.SignUpPageTest@5860f3d7]" started-at="2024-12-24T22:34:27 IST" name="registerUser" finished-at="2024-12-24T22:34:30 IST" duration-ms="2740" status="PASS">
          <reporter-output>
          </reporter-output>
        </test-method> <!-- registerUser -->
        <test-method is-config="true" signature="closeDown()[pri:0, instance:com.testCases.SignUpPageTest@5860f3d7]" started-at="2024-12-24T22:35:14 IST" name="closeDown" finished-at="2024-12-24T22:35:14 IST" duration-ms="310" status="PASS">
          <reporter-output>
          </reporter-output>
        </test-method> <!-- closeDown -->
      </class> <!-- com.testCases.SignUpPageTest -->
      <class name="com.testCases.ProductInfoPageTest">
        <test-method is-config="true" signature="set()[pri:0, instance:com.testCases.ProductInfoPageTest@427b5f92]" started-at="2024-12-24T22:34:46 IST" name="set" finished-at="2024-12-24T22:34:46 IST" duration-ms="791" status="PASS">
          <reporter-output>
          </reporter-output>
        </test-method> <!-- set -->
        <test-method signature="selectLappy()[pri:0, instance:com.testCases.ProductInfoPageTest@427b5f92]" started-at="2024-12-24T22:34:46 IST" name="selectLappy" finished-at="2024-12-24T22:34:52 IST" duration-ms="5338" status="PASS">
          <reporter-output>
          </reporter-output>
        </test-method> <!-- selectLappy -->
        <test-method is-config="true" signature="set()[pri:0, instance:com.testCases.ProductInfoPageTest@427b5f92]" started-at="2024-12-24T22:34:52 IST" name="set" finished-at="2024-12-24T22:34:52 IST" duration-ms="277" status="PASS">
          <reporter-output>
          </reporter-output>
        </test-method> <!-- set -->
        <test-method signature="selectMonitor()[pri:0, instance:com.testCases.ProductInfoPageTest@427b5f92]" started-at="2024-12-24T22:34:52 IST" name="selectMonitor" finished-at="2024-12-24T22:34:57 IST" duration-ms="4695" status="PASS">
          <reporter-output>
          </reporter-output>
        </test-method> <!-- selectMonitor -->
        <test-method is-config="true" signature="set()[pri:0, instance:com.testCases.ProductInfoPageTest@427b5f92]" started-at="2024-12-24T22:34:57 IST" name="set" finished-at="2024-12-24T22:34:58 IST" duration-ms="850" status="PASS">
          <reporter-output>
          </reporter-output>
        </test-method> <!-- set -->
        <test-method signature="selectPhone()[pri:0, instance:com.testCases.ProductInfoPageTest@427b5f92]" started-at="2024-12-24T22:34:58 IST" name="selectPhone" finished-at="2024-12-24T22:35:02 IST" duration-ms="4533" status="PASS">
          <reporter-output>
          </reporter-output>
        </test-method> <!-- selectPhone -->
      </class> <!-- com.testCases.ProductInfoPageTest -->
      <class name="com.testCases.LoginPageTest">
        <test-method is-config="true" signature="start()[pri:0, instance:com.testCases.LoginPageTest@1ddae9b5]" started-at="2024-12-24T22:34:30 IST" name="start" finished-at="2024-12-24T22:34:30 IST" duration-ms="119" status="PASS">
          <reporter-output>
          </reporter-output>
        </test-method> <!-- start -->
        <test-method signature="loginTest()[pri:0, instance:com.testCases.LoginPageTest@1ddae9b5]" started-at="2024-12-24T22:34:30 IST" name="loginTest" finished-at="2024-12-24T22:34:35 IST" duration-ms="5372" status="PASS">
          <reporter-output>
          </reporter-output>
        </test-method> <!-- loginTest -->
        <test-method is-config="true" signature="start()[pri:0, instance:com.testCases.LoginPageTest@1ddae9b5]" started-at="2024-12-24T22:34:35 IST" name="start" finished-at="2024-12-24T22:34:46 IST" duration-ms="10429" status="FAIL">
          <exception class="org.openqa.selenium.TimeoutException">
            <message>
              <![CDATA[Expected condition failed: waiting for visibility of [[ChromeDriver: chrome on windows (89880774063b94e478324a481693233d)] -> id: login2] (tried for 10 second(s) with 500 milliseconds interval)
Build info: version: '4.27.0', revision: 'd6e718d134'
System info: os.name: 'Windows 10', os.arch: 'amd64', os.version: '10.0', java.version: '17.0.5'
Driver info: org.openqa.selenium.chrome.ChromeDriver
Capabilities {acceptInsecureCerts: false, browserName: chrome, browserVersion: 131.0.6778.205, chrome: {chromedriverVersion: 131.0.6778.204 (52183f9e99a..., userDataDir: C:\Users\LENOVO\AppData\Loc...}, fedcm:accounts: true, goog:chromeOptions: {debuggerAddress: localhost:55295}, networkConnectionEnabled: false, pageLoadStrategy: normal, platformName: windows, proxy: Proxy(), se:cdp: ws://localhost:55295/devtoo..., se:cdpVersion: 131.0.6778.205, setWindowRect: true, strictFileInteractability: false, timeouts: {implicit: 0, pageLoad: 300000, script: 30000}, unhandledPromptBehavior: dismiss and notify, webauthn:extension:credBlob: true, webauthn:extension:largeBlob: true, webauthn:extension:minPinLength: true, webauthn:extension:prf: true, webauthn:virtualAuthenticators: true}
Session ID: 89880774063b94e478324a481693233d]]>
            </message>
            <full-stacktrace>
              <![CDATA[org.openqa.selenium.TimeoutException: Expected condition failed: waiting for visibility of [[ChromeDriver: chrome on windows (89880774063b94e478324a481693233d)] -> id: login2] (tried for 10 second(s) with 500 milliseconds interval)
Build info: version: '4.27.0', revision: 'd6e718d134'
System info: os.name: 'Windows 10', os.arch: 'amd64', os.version: '10.0', java.version: '17.0.5'
Driver info: org.openqa.selenium.chrome.ChromeDriver
Capabilities {acceptInsecureCerts: false, browserName: chrome, browserVersion: 131.0.6778.205, chrome: {chromedriverVersion: 131.0.6778.204 (52183f9e99a..., userDataDir: C:\Users\LENOVO\AppData\Loc...}, fedcm:accounts: true, goog:chromeOptions: {debuggerAddress: localhost:55295}, networkConnectionEnabled: false, pageLoadStrategy: normal, platformName: windows, proxy: Proxy(), se:cdp: ws://localhost:55295/devtoo..., se:cdpVersion: 131.0.6778.205, setWindowRect: true, strictFileInteractability: false, timeouts: {implicit: 0, pageLoad: 300000, script: 30000}, unhandledPromptBehavior: dismiss and notify, webauthn:extension:credBlob: true, webauthn:extension:largeBlob: true, webauthn:extension:minPinLength: true, webauthn:extension:prf: true, webauthn:virtualAuthenticators: true}
Session ID: 89880774063b94e478324a481693233d
at org.openqa.selenium.support.ui.WebDriverWait.timeoutException(WebDriverWait.java:84)
at org.openqa.selenium.support.ui.FluentWait.until(FluentWait.java:228)
at com.util.TestUtil.explicitWait(TestUtil.java:25)
at com.util.TestUtil.JSClick(TestUtil.java:30)
at com.pages.HomePage.goToLoginPage(HomePage.java:92)
at com.testCases.LoginPageTest.start(LoginPageTest.java:21)
at java.base/jdk.internal.reflect.NativeMethodAccessorImpl.invoke0(Native Method)
at java.base/jdk.internal.reflect.NativeMethodAccessorImpl.invoke(NativeMethodAccessorImpl.java:77)
at java.base/jdk.internal.reflect.DelegatingMethodAccessorImpl.invoke(DelegatingMethodAccessorImpl.java:43)
at java.base/java.lang.reflect.Method.invoke(Method.java:568)
at org.testng.internal.invokers.MethodInvocationHelper.invokeMethod(MethodInvocationHelper.java:141)
at org.testng.internal.invokers.MethodInvocationHelper.invokeMethodConsideringTimeout(MethodInvocationHelper.java:71)
at org.testng.internal.invokers.ConfigInvoker.invokeConfigurationMethod(ConfigInvoker.java:400)
at org.testng.internal.invokers.ConfigInvoker.invokeConfigurations(ConfigInvoker.java:333)
at org.testng.internal.invokers.TestInvoker.runConfigMethods(TestInvoker.java:833)
at org.testng.internal.invokers.TestInvoker.invokeMethod(TestInvoker.java:600)
at org.testng.internal.invokers.TestInvoker.invokeTestMethod(TestInvoker.java:230)
at org.testng.internal.invokers.MethodRunner.runInSequence(MethodRunner.java:63)
at org.testng.internal.invokers.TestInvoker$MethodInvocationAgent.invoke(TestInvoker.java:992)
at org.testng.internal.invokers.TestInvoker.invokeTestMethods(TestInvoker.java:203)
at org.testng.internal.invokers.TestMethodWorker.invokeTestMethods(TestMethodWorker.java:154)
at org.testng.internal.invokers.TestMethodWorker.run(TestMethodWorker.java:134)
at java.base/java.util.ArrayList.forEach(ArrayList.java:1511)
at org.testng.TestRunner.privateRun(TestRunner.java:739)
at org.testng.TestRunner.run(TestRunner.java:614)
at org.testng.SuiteRunner.runTest(SuiteRunner.java:421)
at org.testng.SuiteRunner.runSequentially(SuiteRunner.java:413)
at org.testng.SuiteRunner.privateRun(SuiteRunner.java:373)
at org.testng.SuiteRunner.run(SuiteRunner.java:312)
at org.testng.SuiteRunnerWorker.runSuite(SuiteRunnerWorker.java:52)
at org.testng.SuiteRunnerWorker.run(SuiteRunnerWorker.java:95)
at org.testng.TestNG.runSuitesSequentially(TestNG.java:1274)
at org.testng.TestNG.runSuitesLocally(TestNG.java:1208)
at org.testng.TestNG.runSuites(TestNG.java:1112)
at org.testng.TestNG.run(TestNG.java:1079)
at org.testng.remote.AbstractRemoteTestNG.run(AbstractRemoteTestNG.java:115)
at org.testng.remote.RemoteTestNG.initAndRun(RemoteTestNG.java:293)
at org.testng.remote.RemoteTestNG.main(RemoteTestNG.java:91)
]]>
            </full-stacktrace>
          </exception> <!-- org.openqa.selenium.TimeoutException -->
          <reporter-output>
          </reporter-output>
        </test-method> <!-- start -->
        <test-method signature="logoDisplayTest()[pri:1, instance:com.testCases.LoginPageTest@1ddae9b5]" started-at="2024-12-24T22:34:46 IST" name="logoDisplayTest" finished-at="2024-12-24T22:34:46 IST" duration-ms="0" status="SKIP">
          <exception class="org.openqa.selenium.TimeoutException">
            <message>
              <![CDATA[Expected condition failed: waiting for visibility of [[ChromeDriver: chrome on windows (89880774063b94e478324a481693233d)] -> id: login2] (tried for 10 second(s) with 500 milliseconds interval)
Build info: version: '4.27.0', revision: 'd6e718d134'
System info: os.name: 'Windows 10', os.arch: 'amd64', os.version: '10.0', java.version: '17.0.5'
Driver info: org.openqa.selenium.chrome.ChromeDriver
Capabilities {acceptInsecureCerts: false, browserName: chrome, browserVersion: 131.0.6778.205, chrome: {chromedriverVersion: 131.0.6778.204 (52183f9e99a..., userDataDir: C:\Users\LENOVO\AppData\Loc...}, fedcm:accounts: true, goog:chromeOptions: {debuggerAddress: localhost:55295}, networkConnectionEnabled: false, pageLoadStrategy: normal, platformName: windows, proxy: Proxy(), se:cdp: ws://localhost:55295/devtoo..., se:cdpVersion: 131.0.6778.205, setWindowRect: true, strictFileInteractability: false, timeouts: {implicit: 0, pageLoad: 300000, script: 30000}, unhandledPromptBehavior: dismiss and notify, webauthn:extension:credBlob: true, webauthn:extension:largeBlob: true, webauthn:extension:minPinLength: true, webauthn:extension:prf: true, webauthn:virtualAuthenticators: true}
Session ID: 89880774063b94e478324a481693233d]]>
            </message>
            <full-stacktrace>
              <![CDATA[org.openqa.selenium.TimeoutException: Expected condition failed: waiting for visibility of [[ChromeDriver: chrome on windows (89880774063b94e478324a481693233d)] -> id: login2] (tried for 10 second(s) with 500 milliseconds interval)
Build info: version: '4.27.0', revision: 'd6e718d134'
System info: os.name: 'Windows 10', os.arch: 'amd64', os.version: '10.0', java.version: '17.0.5'
Driver info: org.openqa.selenium.chrome.ChromeDriver
Capabilities {acceptInsecureCerts: false, browserName: chrome, browserVersion: 131.0.6778.205, chrome: {chromedriverVersion: 131.0.6778.204 (52183f9e99a..., userDataDir: C:\Users\LENOVO\AppData\Loc...}, fedcm:accounts: true, goog:chromeOptions: {debuggerAddress: localhost:55295}, networkConnectionEnabled: false, pageLoadStrategy: normal, platformName: windows, proxy: Proxy(), se:cdp: ws://localhost:55295/devtoo..., se:cdpVersion: 131.0.6778.205, setWindowRect: true, strictFileInteractability: false, timeouts: {implicit: 0, pageLoad: 300000, script: 30000}, unhandledPromptBehavior: dismiss and notify, webauthn:extension:credBlob: true, webauthn:extension:largeBlob: true, webauthn:extension:minPinLength: true, webauthn:extension:prf: true, webauthn:virtualAuthenticators: true}
Session ID: 89880774063b94e478324a481693233d
at org.openqa.selenium.support.ui.WebDriverWait.timeoutException(WebDriverWait.java:84)
at org.openqa.selenium.support.ui.FluentWait.until(FluentWait.java:228)
at com.util.TestUtil.explicitWait(TestUtil.java:25)
at com.util.TestUtil.JSClick(TestUtil.java:30)
at com.pages.HomePage.goToLoginPage(HomePage.java:92)
at com.testCases.LoginPageTest.start(LoginPageTest.java:21)
at java.base/jdk.internal.reflect.NativeMethodAccessorImpl.invoke0(Native Method)
at java.base/jdk.internal.reflect.NativeMethodAccessorImpl.invoke(NativeMethodAccessorImpl.java:77)
at java.base/jdk.internal.reflect.DelegatingMethodAccessorImpl.invoke(DelegatingMethodAccessorImpl.java:43)
at java.base/java.lang.reflect.Method.invoke(Method.java:568)
at org.testng.internal.invokers.MethodInvocationHelper.invokeMethod(MethodInvocationHelper.java:141)
at org.testng.internal.invokers.MethodInvocationHelper.invokeMethodConsideringTimeout(MethodInvocationHelper.java:71)
at org.testng.internal.invokers.ConfigInvoker.invokeConfigurationMethod(ConfigInvoker.java:400)
at org.testng.internal.invokers.ConfigInvoker.invokeConfigurations(ConfigInvoker.java:333)
at org.testng.internal.invokers.TestInvoker.runConfigMethods(TestInvoker.java:833)
at org.testng.internal.invokers.TestInvoker.invokeMethod(TestInvoker.java:600)
at org.testng.internal.invokers.TestInvoker.invokeTestMethod(TestInvoker.java:230)
at org.testng.internal.invokers.MethodRunner.runInSequence(MethodRunner.java:63)
at org.testng.internal.invokers.TestInvoker$MethodInvocationAgent.invoke(TestInvoker.java:992)
at org.testng.internal.invokers.TestInvoker.invokeTestMethods(TestInvoker.java:203)
at org.testng.internal.invokers.TestMethodWorker.invokeTestMethods(TestMethodWorker.java:154)
at org.testng.internal.invokers.TestMethodWorker.run(TestMethodWorker.java:134)
at java.base/java.util.ArrayList.forEach(ArrayList.java:1511)
at org.testng.TestRunner.privateRun(TestRunner.java:739)
at org.testng.TestRunner.run(TestRunner.java:614)
at org.testng.SuiteRunner.runTest(SuiteRunner.java:421)
at org.testng.SuiteRunner.runSequentially(SuiteRunner.java:413)
at org.testng.SuiteRunner.privateRun(SuiteRunner.java:373)
at org.testng.SuiteRunner.run(SuiteRunner.java:312)
at org.testng.SuiteRunnerWorker.runSuite(SuiteRunnerWorker.java:52)
at org.testng.SuiteRunnerWorker.run(SuiteRunnerWorker.java:95)
at org.testng.TestNG.runSuitesSequentially(TestNG.java:1274)
at org.testng.TestNG.runSuitesLocally(TestNG.java:1208)
at org.testng.TestNG.runSuites(TestNG.java:1112)
at org.testng.TestNG.run(TestNG.java:1079)
at org.testng.remote.AbstractRemoteTestNG.run(AbstractRemoteTestNG.java:115)
at org.testng.remote.RemoteTestNG.initAndRun(RemoteTestNG.java:293)
at org.testng.remote.RemoteTestNG.main(RemoteTestNG.java:91)
]]>
            </full-stacktrace>
          </exception> <!-- org.openqa.selenium.TimeoutException -->
          <reporter-output>
          </reporter-output>
        </test-method> <!-- logoDisplayTest -->
      </class> <!-- com.testCases.LoginPageTest -->
      <class name="com.testCases.PaymentInfoPageTest">
        <test-method signature="verifyPurchaseWithoutInfo()[pri:0, instance:com.testCases.PaymentInfoPageTest@7e3f95fe]" started-at="2024-12-24T22:35:09 IST" name="verifyPurchaseWithoutInfo" finished-at="2024-12-24T22:35:10 IST" duration-ms="874" status="PASS">
          <reporter-output>
          </reporter-output>
        </test-method> <!-- verifyPurchaseWithoutInfo -->
        <test-method signature="verifyPurchaseWithInfo()[pri:1, instance:com.testCases.PaymentInfoPageTest@7e3f95fe]" started-at="2024-12-24T22:35:10 IST" name="verifyPurchaseWithInfo" finished-at="2024-12-24T22:35:13 IST" duration-ms="3444" status="PASS">
          <reporter-output>
          </reporter-output>
        </test-method> <!-- verifyPurchaseWithInfo -->
      </class> <!-- com.testCases.PaymentInfoPageTest -->
    </test> <!-- testng.xml -->
  </suite> <!-- Suite -->
</testng-results>
